Real_Time_Situation (
   Generation_Tool    => "MAST Schedulability Analysis, version 1.5.1.0",
   Generation_Profile => "/usr/local/mast/mast_analysis default /home/atcsol/MAST/epd_asw_str0/epd_asw_str0 /home/atcsol/MAST/epd_asw_str0/epd_asw_str0.out",
   Generation_Date    => 2021-06-09T17:50:42);

Transaction (
   Name     => transacceptedtc,
   Results  => 
       ((Type                          => Timing_Result,
         Event_Name                    => ev_tx_tmlist,
         Num_Of_Suspensions            => 0,
         Worst_Blocking_Time           => 0.000,
         Worst_Global_Response_Times   => 
            ((Referenced_Event => ev_newtc,
              Time_Value       => 0.036582)),
         Best_Global_Response_Times    => 
            ((Referenced_Event => ev_newtc,
              Time_Value       => 0.002002)),
         Jitters                       => 
            ((Referenced_Event => ev_newtc,
              Time_Value       => 0.034580))),
        (Type                          => Timing_Result,
         Event_Name                    => dl_new_tc,
         Num_Of_Suspensions            => 0,
         Worst_Blocking_Time           => 0.000,
         Worst_Global_Response_Times   => 
            ((Referenced_Event => ev_newtc,
              Time_Value       => 0.053124)),
         Best_Global_Response_Times    => 
            ((Referenced_Event => ev_newtc,
              Time_Value       => 0.003504)),
         Jitters                       => 
            ((Referenced_Event => ev_newtc,
              Time_Value       => 0.049620)))));

Transaction (
   Name     => transhk_fdir,
   Results  => 
       ((Type                          => Timing_Result,
         Event_Name                    => dl_hk_fdir,
         Num_Of_Suspensions            => 0,
         Worst_Blocking_Time           => 0.000,
         Worst_Global_Response_Times   => 
            ((Referenced_Event => ev_hk_fdir,
              Time_Value       => 0.064136)),
         Best_Global_Response_Times    => 
            ((Referenced_Event => ev_hk_fdir,
              Time_Value       => 0.012504)),
         Jitters                       => 
            ((Referenced_Event => ev_hk_fdir,
              Time_Value       => 0.051632))),
        (Type                          => Timing_Result,
         Event_Name                    => ev_sendtm_reply,
         Num_Of_Suspensions            => 0,
         Worst_Blocking_Time           => 0.000,
         Worst_Global_Response_Times   => 
            ((Referenced_Event => ev_hk_fdir,
              Time_Value       => 0.047594)),
         Best_Global_Response_Times    => 
            ((Referenced_Event => ev_hk_fdir,
              Time_Value       => 0.011002)),
         Jitters                       => 
            ((Referenced_Event => ev_hk_fdir,
              Time_Value       => 0.036592)))));

Processing_Resource (
   Name     => leon3,
   Results  => 
       ((Type   => Utilization,
         Total  => 4.85%)));

